<?xml version="1.0" encoding="UTF-8"?>
<!-- Generated by org.testng.reporters.JUnitXMLReporter -->
<testsuite hostname="swarup-PC" name="MyTest - Firefox" tests="1" failures="0" timestamp="6 Dec 2016 16:57:49 GMT" time="195.054" errors="0">
  <testcase name="@AfterClass afterClass" time="0.0" classname="test.dbs.scripts.MyTestCase">
    <failure type="com.applitools.eyes.TestFailedException" message="&amp;apos;Test Web Page&amp;apos; of &amp;apos;Applitools&amp;apos;. See details at https://eyes.applitools.com/app/sessions/00000251921257390400/00000251921257390188?accountId=SWa3kuSRGkeKOVGekEHHZg~~">
      <![CDATA[com.applitools.eyes.TestFailedException: 'Test Web Page' of 'Applitools'. See details at https://eyes.applitools.com/app/sessions/00000251921257390400/00000251921257390188?accountId=SWa3kuSRGkeKOVGekEHHZg~~
	at com.applitools.eyes.EyesBase.close(EyesBase.java:600)
	at com.applitools.eyes.Eyes.close(Eyes.java:17)
	at com.applitools.eyes.EyesBase.close(EyesBase.java:540)
	at com.applitools.eyes.Eyes.close(Eyes.java:17)
	at main.automation.accelerators.TestEngineWeb.afterClass(TestEngineWeb.java:237)
	at java.util.concurrent.FutureTask.run(Unknown Source)
	at java.util.concurrent.ThreadPoolExecutor.runWorker(Unknown Source)
	at java.util.concurrent.ThreadPoolExecutor$Worker.run(Unknown Source)
	at java.lang.Thread.run(Unknown Source)
... Removed 16 stack frames]]>
    </failure>
  </testcase> <!-- @AfterClass afterClass -->
  <testcase name="MyTestCase1" time="21.728" classname="test.dbs.scripts.MyTestCase"/>
</testsuite> <!-- MyTest - Firefox -->
