<html>
<head>
<title>TestNG:  MyTest - Firefox</title>
<link href="../testng.css" rel="stylesheet" type="text/css" />
<link href="../my-testng.css" rel="stylesheet" type="text/css" />

<style type="text/css">
.log { display: none;} 
.stack-trace { display: none;} 
</style>
<script type="text/javascript">
<!--
function flip(e) {
  current = e.style.display;
  if (current == 'block') {
    e.style.display = 'none';
    return 0;
  }
  else {
    e.style.display = 'block';
    return 1;
  }
}

function toggleBox(szDivId, elem, msg1, msg2)
{
  var res = -1;  if (document.getElementById) {
    res = flip(document.getElementById(szDivId));
  }
  else if (document.all) {
    // this is the way old msie versions work
    res = flip(document.all[szDivId]);
  }
  if(elem) {
    if(res == 0) elem.innerHTML = msg1; else elem.innerHTML = msg2;
  }

}

function toggleAllBoxes() {
  if (document.getElementsByTagName) {
    d = document.getElementsByTagName('div');
    for (i = 0; i < d.length; i++) {
      if (d[i].className == 'log') {
        flip(d[i]);
      }
    }
  }
}

// -->
</script>

</head>
<body>
<h2 align='center'>MyTest - Firefox</h2><table border='1' align="center">
<tr>
<td>Tests passed/Failed/Skipped:</td><td>1/0/0</td>
</tr><tr>
<td>Started on:</td><td>Tue Dec 06 22:24:33 IST 2016</td>
</tr>
<tr><td>Total time:</td><td>195 seconds (195054 ms)</td>
</tr><tr>
<td>Included groups:</td><td>regression </td>
</tr><tr>
<td>Excluded groups:</td><td></td>
</tr>
</table><p/>
<small><i>(Hover the method name to see the test class name)</i></small><p/>
<table width='100%' border='1' class='invocation-failed'>
<tr><td colspan='4' align='center'><b>FAILED CONFIGURATIONS</b></td></tr>
<tr><td><b>Test method</b></td>
<td width="30%"><b>Exception</b></td>
<td width="10%"><b>Time (seconds)</b></td>
<td><b>Instance</b></td>
</tr>
<tr>
<td title='test.dbs.scripts.MyTestCase.afterClass()'><b>afterClass</b><br>Test class: test.dbs.scripts.MyTestCase</td>
<td><div><pre>com.applitools.eyes.TestFailedException: &apos;Test Web Page&apos; of &apos;Applitools&apos;. See details at https://eyes.applitools.com/app/sessions/00000251921257390400/00000251921257390188?accountId=SWa3kuSRGkeKOVGekEHHZg~~
	at com.applitools.eyes.EyesBase.close(EyesBase.java:600)
	at com.applitools.eyes.Eyes.close(Eyes.java:17)
	at com.applitools.eyes.EyesBase.close(EyesBase.java:540)
	at com.applitools.eyes.Eyes.close(Eyes.java:17)
	at main.automation.accelerators.TestEngineWeb.afterClass(TestEngineWeb.java:237)
	at java.util.concurrent.FutureTask.run(Unknown Source)
	at java.util.concurrent.ThreadPoolExecutor.runWorker(Unknown Source)
	at java.util.concurrent.ThreadPoolExecutor$Worker.run(Unknown Source)
	at java.lang.Thread.run(Unknown Source)
... Removed 16 stack frames</pre></div><a href='#' onClick='toggleBox("stack-trace5205331", this, "Click to show all stack frames", "Click to hide stack frames")'>Click to show all stack frames</a>
<div class='stack-trace' id='stack-trace5205331'><pre>com.applitools.eyes.TestFailedException: &apos;Test Web Page&apos; of &apos;Applitools&apos;. See details at https://eyes.applitools.com/app/sessions/00000251921257390400/00000251921257390188?accountId=SWa3kuSRGkeKOVGekEHHZg~~
	at com.applitools.eyes.EyesBase.close(EyesBase.java:600)
	at com.applitools.eyes.Eyes.close(Eyes.java:17)
	at com.applitools.eyes.EyesBase.close(EyesBase.java:540)
	at com.applitools.eyes.Eyes.close(Eyes.java:17)
	at main.automation.accelerators.TestEngineWeb.afterClass(TestEngineWeb.java:237)
	at sun.reflect.NativeMethodAccessorImpl.invoke0(Native Method)
	at sun.reflect.NativeMethodAccessorImpl.invoke(Unknown Source)
	at sun.reflect.DelegatingMethodAccessorImpl.invoke(Unknown Source)
	at java.lang.reflect.Method.invoke(Unknown Source)
	at org.testng.internal.MethodInvocationHelper.invokeMethod(MethodInvocationHelper.java:85)
	at org.testng.internal.Invoker.invokeConfigurationMethod(Invoker.java:510)
	at org.testng.internal.Invoker.invokeConfigurations(Invoker.java:211)
	at org.testng.internal.Invoker.invokeConfigurations(Invoker.java:138)
	at org.testng.internal.TestMethodWorker.invokeAfterClassMethods(TestMethodWorker.java:220)
	at org.testng.internal.TestMethodWorker.run(TestMethodWorker.java:111)
	at org.testng.TestRunner.privateRun(TestRunner.java:773)
	at org.testng.TestRunner.run(TestRunner.java:623)
	at org.testng.SuiteRunner.runTest(SuiteRunner.java:357)
	at org.testng.SuiteRunner.access$000(SuiteRunner.java:39)
	at org.testng.SuiteRunner$SuiteWorker.run(SuiteRunner.java:391)
	at org.testng.internal.thread.ThreadUtil$2.call(ThreadUtil.java:64)
	at java.util.concurrent.FutureTask.run(Unknown Source)
	at java.util.concurrent.ThreadPoolExecutor.runWorker(Unknown Source)
	at java.util.concurrent.ThreadPoolExecutor$Worker.run(Unknown Source)
	at java.lang.Thread.run(Unknown Source)
</pre></div></td>
<td>0</td>
<td>test.dbs.scripts.MyTestCase@93abcc</td></tr>
</table><p>
<table width='100%' border='1' class='invocation-passed'>
<tr><td colspan='4' align='center'><b>PASSED TESTS</b></td></tr>
<tr><td><b>Test method</b></td>
<td width="30%"><b>Exception</b></td>
<td width="10%"><b>Time (seconds)</b></td>
<td><b>Instance</b></td>
</tr>
<tr>
<td title='test.dbs.scripts.MyTestCase.MyTestCase1()'><b>MyTestCase1</b><br>Test class: test.dbs.scripts.MyTestCase<br>Parameters: swarup</td>
<td></td>
<td>21</td>
<td>test.dbs.scripts.MyTestCase@93abcc</td></tr>
</table><p>
</body>
</html>