<?xml version="1.0" encoding="UTF-8"?>
<testsuite name="MyTest - Firefox"
           tests="2"
           failures="1"
           errors="0"
           skipped="0"
           time="21.738">
  <properties />
            <testcase name="afterClass" time="0.000" classname="test.dbs.scripts.MyTestCase">
                <failure type="com.applitools.eyes.TestFailedException"
                  message="&apos;Test Web Page&apos; of &apos;Applitools&apos;. See details at https://eyes.applitools.com/app/sessions/00000251931230890368/00000251931230890118?accountId=bFZbZBbmDUS0Cc6JKwMAqQ~~"
              >
<![CDATA[com.applitools.eyes.TestFailedException: 'Test Web Page' of 'Applitools'. See details at https://eyes.applitools.com/app/sessions/00000251931230890368/00000251931230890118?accountId=bFZbZBbmDUS0Cc6JKwMAqQ~~
  com.applitools.eyes.EyesBase.close(EyesBase.java:600)
  com.applitools.eyes.Eyes.close(Eyes.java:17)
  com.applitools.eyes.EyesBase.close(EyesBase.java:540)
  com.applitools.eyes.Eyes.close(Eyes.java:17)
  main.automation.accelerators.TestEngineWeb.afterClass(TestEngineWeb.java:237)
  sun.reflect.NativeMethodAccessorImpl.invoke0(Native Method)
  sun.reflect.NativeMethodAccessorImpl.invoke(NativeMethodAccessorImpl.java:62)
  sun.reflect.DelegatingMethodAccessorImpl.invoke(DelegatingMethodAccessorImpl.java:43)
  java.lang.reflect.Method.invoke(Method.java:497)
  org.testng.internal.MethodInvocationHelper.invokeMethod(MethodInvocationHelper.java:85)
  org.testng.internal.Invoker.invokeConfigurationMethod(Invoker.java:510)
  org.testng.internal.Invoker.invokeConfigurations(Invoker.java:211)
  org.testng.internal.Invoker.invokeConfigurations(Invoker.java:138)
  org.testng.internal.TestMethodWorker.invokeAfterClassMethods(TestMethodWorker.java:220)
  org.testng.internal.TestMethodWorker.run(TestMethodWorker.java:111)
  org.testng.TestRunner.privateRun(TestRunner.java:773)
  org.testng.TestRunner.run(TestRunner.java:623)
  org.testng.SuiteRunner.runTest(SuiteRunner.java:357)
  org.testng.SuiteRunner.access$000(SuiteRunner.java:39)
  org.testng.SuiteRunner$SuiteWorker.run(SuiteRunner.java:391)
  org.testng.internal.thread.ThreadUtil$2.call(ThreadUtil.java:64)
  java.util.concurrent.FutureTask.run(FutureTask.java:266)
  java.util.concurrent.ThreadPoolExecutor.runWorker(ThreadPoolExecutor.java:1142)
  java.util.concurrent.ThreadPoolExecutor$Worker.run(ThreadPoolExecutor.java:617)
  java.lang.Thread.run(Thread.java:745)
]]>
      </failure>

          </testcase>
  
  
            <testcase name="MyTestCase1" time="21.738" classname="test.dbs.scripts.MyTestCase" />
      
</testsuite>
